<?xml version="1.0" encoding="UTF-8"?>
<coverage generated="1566723380369" clover="3.2.0">
  <project timestamp="1566723380369" name="All files">
    <metrics statements="87" coveredstatements="87" conditionals="33" coveredconditionals="33" methods="36" coveredmethods="36" elements="156" coveredelements="156" complexity="0" loc="87" ncloc="87" packages="1" files="13" classes="13"/>
    <file name="array-to-map-state-to-props.js" path="/Users/vivekmunde/Documents/duxact/src/array-to-map-state-to-props.js">
      <metrics statements="7" coveredstatements="7" conditionals="2" coveredconditionals="2" methods="3" coveredmethods="3"/>
      <line num="1" count="1" type="stmt"/>
      <line num="2" count="2" type="stmt"/>
      <line num="3" count="2" type="cond" truecount="2" falsecount="0"/>
      <line num="4" count="1" type="stmt"/>
      <line num="7" count="1" type="stmt"/>
      <line num="8" count="2" type="stmt"/>
      <line num="9" count="2" type="stmt"/>
    </file>
    <file name="connect-dispatch.js" path="/Users/vivekmunde/Documents/duxact/src/connect-dispatch.js">
      <metrics statements="12" coveredstatements="12" conditionals="4" coveredconditionals="4" methods="4" coveredmethods="4"/>
      <line num="6" count="6" type="stmt"/>
      <line num="8" count="6" type="stmt"/>
      <line num="11" count="6" type="stmt"/>
      <line num="12" count="6" type="stmt"/>
      <line num="14" count="6" type="cond" truecount="2" falsecount="0"/>
      <line num="15" count="1" type="stmt"/>
      <line num="18" count="5" type="cond" truecount="2" falsecount="0"/>
      <line num="19" count="2" type="stmt"/>
      <line num="22" count="3" type="stmt"/>
      <line num="23" count="3" type="stmt"/>
      <line num="27" count="4" type="stmt"/>
      <line num="36" count="6" type="stmt"/>
    </file>
    <file name="connect-state.js" path="/Users/vivekmunde/Documents/duxact/src/connect-state.js">
      <metrics statements="20" coveredstatements="20" conditionals="4" coveredconditionals="4" methods="8" coveredmethods="8"/>
      <line num="6" count="8" type="stmt"/>
      <line num="8" count="8" type="stmt"/>
      <line num="11" count="8" type="stmt"/>
      <line num="12" count="8" type="stmt"/>
      <line num="14" count="8" type="cond" truecount="2" falsecount="0"/>
      <line num="15" count="1" type="stmt"/>
      <line num="18" count="7" type="cond" truecount="2" falsecount="0"/>
      <line num="19" count="2" type="stmt"/>
      <line num="22" count="5" type="stmt"/>
      <line num="23" count="5" type="stmt"/>
      <line num="24" count="5" type="stmt"/>
      <line num="28" count="1" type="stmt"/>
      <line num="31" count="8" type="stmt"/>
      <line num="32" count="5" type="stmt"/>
      <line num="35" count="8" type="stmt"/>
      <line num="36" count="1" type="stmt"/>
      <line num="39" count="8" type="stmt"/>
      <line num="40" count="3" type="stmt"/>
      <line num="44" count="7" type="stmt"/>
      <line num="53" count="8" type="stmt"/>
    </file>
    <file name="connect.js" path="/Users/vivekmunde/Documents/duxact/src/connect.js">
      <metrics statements="7" coveredstatements="7" conditionals="4" coveredconditionals="4" methods="2" coveredmethods="2"/>
      <line num="5" count="1" type="stmt"/>
      <line num="6" count="3" type="stmt"/>
      <line num="7" count="3" type="cond" truecount="2" falsecount="0"/>
      <line num="8" count="1" type="stmt"/>
      <line num="11" count="2" type="cond" truecount="2" falsecount="0"/>
      <line num="12" count="1" type="stmt"/>
      <line num="15" count="1" type="stmt"/>
    </file>
    <file name="create-store.js" path="/Users/vivekmunde/Documents/duxact/src/create-store.js">
      <metrics statements="19" coveredstatements="19" conditionals="8" coveredconditionals="8" methods="7" coveredmethods="7"/>
      <line num="4" count="20" type="cond" truecount="2" falsecount="0"/>
      <line num="5" count="20" type="stmt"/>
      <line num="8" count="13" type="stmt"/>
      <line num="12" count="36" type="cond" truecount="2" falsecount="0"/>
      <line num="13" count="1" type="stmt"/>
      <line num="16" count="35" type="stmt"/>
      <line num="23" count="12" type="cond" truecount="2" falsecount="0"/>
      <line num="24" count="2" type="stmt"/>
      <line num="27" count="10" type="stmt"/>
      <line num="29" count="10" type="stmt"/>
      <line num="30" count="4" type="stmt"/>
      <line num="31" count="4" type="cond" truecount="2" falsecount="0"/>
      <line num="32" count="3" type="stmt"/>
      <line num="38" count="36" type="stmt"/>
      <line num="40" count="35" type="stmt"/>
      <line num="41" count="10" type="stmt"/>
      <line num="45" count="20" type="stmt"/>
      <line num="46" count="20" type="stmt"/>
      <line num="49" count="20" type="stmt"/>
    </file>
    <file name="inject-dispatch.js" path="/Users/vivekmunde/Documents/duxact/src/inject-dispatch.js">
      <metrics statements="9" coveredstatements="9" conditionals="4" coveredconditionals="4" methods="4" coveredmethods="4"/>
      <line num="4" count="1" type="stmt"/>
      <line num="5" count="3" type="stmt"/>
      <line num="6" count="3" type="cond" truecount="2" falsecount="0"/>
      <line num="7" count="1" type="stmt"/>
      <line num="10" count="2" type="stmt"/>
      <line num="12" count="2" type="cond" truecount="2" falsecount="0"/>
      <line num="13" count="1" type="stmt"/>
      <line num="15" count="1" type="stmt"/>
      <line num="16" count="1" type="stmt"/>
    </file>
    <file name="is-function.js" path="/Users/vivekmunde/Documents/duxact/src/is-function.js">
      <metrics statements="1" coveredstatements="1" conditionals="0" coveredconditionals="0" methods="1" coveredmethods="1"/>
      <line num="2" count="69" type="stmt"/>
    </file>
    <file name="is-null.js" path="/Users/vivekmunde/Documents/duxact/src/is-null.js">
      <metrics statements="1" coveredstatements="1" conditionals="0" coveredconditionals="0" methods="1" coveredmethods="1"/>
      <line num="1" count="47" type="stmt"/>
    </file>
    <file name="is-undefined-or-null.js" path="/Users/vivekmunde/Documents/duxact/src/is-undefined-or-null.js">
      <metrics statements="1" coveredstatements="1" conditionals="2" coveredconditionals="2" methods="1" coveredmethods="1"/>
      <line num="4" count="49" type="cond" truecount="2" falsecount="0"/>
    </file>
    <file name="is-undefined.js" path="/Users/vivekmunde/Documents/duxact/src/is-undefined.js">
      <metrics statements="1" coveredstatements="1" conditionals="0" coveredconditionals="0" methods="1" coveredmethods="1"/>
      <line num="1" count="54" type="stmt"/>
    </file>
    <file name="is-user-defined-object.js" path="/Users/vivekmunde/Documents/duxact/src/is-user-defined-object.js">
      <metrics statements="1" coveredstatements="1" conditionals="3" coveredconditionals="3" methods="1" coveredmethods="1"/>
      <line num="4" count="11" type="cond" truecount="3" falsecount="0"/>
    </file>
    <file name="provider.js" path="/Users/vivekmunde/Documents/duxact/src/provider.js">
      <metrics statements="8" coveredstatements="8" conditionals="2" coveredconditionals="2" methods="3" coveredmethods="3"/>
      <line num="7" count="14" type="stmt"/>
      <line num="9" count="14" type="stmt"/>
      <line num="11" count="14" type="cond" truecount="2" falsecount="0"/>
      <line num="12" count="2" type="stmt"/>
      <line num="15" count="12" type="stmt"/>
      <line num="19" count="12" type="stmt"/>
      <line num="23" count="12" type="stmt"/>
      <line num="31" count="4" type="stmt"/>
    </file>
    <file name="store-context-type.js" path="/Users/vivekmunde/Documents/duxact/src/store-context-type.js">
      <metrics statements="0" coveredstatements="0" conditionals="0" coveredconditionals="0" methods="0" coveredmethods="0"/>
    </file>
  </project>
</coverage>
