{"/Users/vivekmunde/Documents/duxact/src/array-to-map-state-to-props.js": {"path":"/Users/vivekmunde/Documents/duxact/src/array-to-map-state-to-props.js","statementMap":{"0":{"start":{"line":1,"column":31},"end":{"line":11,"column":5}},"1":{"start":{"line":2,"column":4},"end":{"line":11,"column":5}},"2":{"start":{"line":3,"column":8},"end":{"line":5,"column":9}},"3":{"start":{"line":4,"column":12},"end":{"line":4,"column":71}},"4":{"start":{"line":7,"column":8},"end":{"line":10,"column":15}},"5":{"start":{"line":8,"column":12},"end":{"line":8,"column":52}},"6":{"start":{"line":9,"column":12},"end":{"line":9,"column":31}}},"fnMap":{"0":{"name":"(anonymous_0)","decl":{"start":{"line":1,"column":31},"end":{"line":1,"column":32}},"loc":{"start":{"line":2,"column":4},"end":{"line":11,"column":5}},"line":2},"1":{"name":"(anonymous_1)","decl":{"start":{"line":2,"column":4},"end":{"line":2,"column":5}},"loc":{"start":{"line":2,"column":13},"end":{"line":11,"column":5}},"line":2},"2":{"name":"(anonymous_2)","decl":{"start":{"line":7,"column":26},"end":{"line":7,"column":27}},"loc":{"start":{"line":7,"column":53},"end":{"line":10,"column":9}},"line":7}},"branchMap":{"0":{"loc":{"start":{"line":3,"column":8},"end":{"line":5,"column":9}},"type":"if","locations":[{"start":{"line":3,"column":8},"end":{"line":5,"column":9}},{"start":{"line":3,"column":8},"end":{"line":5,"column":9}}],"line":3}},"s":{"0":1,"1":2,"2":2,"3":1,"4":1,"5":2,"6":2},"f":{"0":2,"1":2,"2":2},"b":{"0":[1,1]},"_coverageSchema":"43e27e138ebf9cfc5966b082cf9a028302ed4184","hash":"5dc50b097479b260472f29d0ba14a99ee4897bcb"}
,"/Users/vivekmunde/Documents/duxact/src/connect-dispatch.js": {"path":"/Users/vivekmunde/Documents/duxact/src/connect-dispatch.js","statementMap":{"0":{"start":{"line":6,"column":16},"end":{"line":37,"column":1}},"1":{"start":{"line":6,"column":38},"end":{"line":37,"column":1}},"2":{"start":{"line":8,"column":29},"end":{"line":8,"column":41}},"3":{"start":{"line":11,"column":12},"end":{"line":11,"column":34}},"4":{"start":{"line":12,"column":30},"end":{"line":12,"column":37}},"5":{"start":{"line":14,"column":12},"end":{"line":16,"column":13}},"6":{"start":{"line":15,"column":16},"end":{"line":15,"column":115}},"7":{"start":{"line":18,"column":12},"end":{"line":20,"column":13}},"8":{"start":{"line":19,"column":16},"end":{"line":19,"column":72}},"9":{"start":{"line":22,"column":12},"end":{"line":22,"column":31}},"10":{"start":{"line":23,"column":12},"end":{"line":23,"column":66}},"11":{"start":{"line":27,"column":12},"end":{"line":32,"column":14}},"12":{"start":{"line":36,"column":4},"end":{"line":36,"column":27}}},"fnMap":{"0":{"name":"(anonymous_0)","decl":{"start":{"line":6,"column":16},"end":{"line":6,"column":17}},"loc":{"start":{"line":6,"column":38},"end":{"line":37,"column":1}},"line":6},"1":{"name":"(anonymous_1)","decl":{"start":{"line":6,"column":38},"end":{"line":6,"column":39}},"loc":{"start":{"line":6,"column":51},"end":{"line":37,"column":1}},"line":6},"2":{"name":"(anonymous_2)","decl":{"start":{"line":10,"column":8},"end":{"line":10,"column":9}},"loc":{"start":{"line":10,"column":36},"end":{"line":24,"column":9}},"line":10},"3":{"name":"(anonymous_3)","decl":{"start":{"line":26,"column":8},"end":{"line":26,"column":9}},"loc":{"start":{"line":26,"column":17},"end":{"line":33,"column":9}},"line":26}},"branchMap":{"0":{"loc":{"start":{"line":14,"column":12},"end":{"line":16,"column":13}},"type":"if","locations":[{"start":{"line":14,"column":12},"end":{"line":16,"column":13}},{"start":{"line":14,"column":12},"end":{"line":16,"column":13}}],"line":14},"1":{"loc":{"start":{"line":18,"column":12},"end":{"line":20,"column":13}},"type":"if","locations":[{"start":{"line":18,"column":12},"end":{"line":20,"column":13}},{"start":{"line":18,"column":12},"end":{"line":20,"column":13}}],"line":18}},"s":{"0":2,"1":6,"2":6,"3":8,"4":8,"5":8,"6":1,"7":7,"8":4,"9":3,"10":3,"11":4,"12":6},"f":{"0":6,"1":6,"2":8,"3":4},"b":{"0":[1,7],"1":[4,3]},"_coverageSchema":"43e27e138ebf9cfc5966b082cf9a028302ed4184","hash":"2db4b52e603a3ae0b6e7b14be8264428bf862495"}
,"/Users/vivekmunde/Documents/duxact/src/connect-state.js": {"path":"/Users/vivekmunde/Documents/duxact/src/connect-state.js","statementMap":{"0":{"start":{"line":6,"column":16},"end":{"line":54,"column":1}},"1":{"start":{"line":6,"column":35},"end":{"line":54,"column":1}},"2":{"start":{"line":8,"column":29},"end":{"line":8,"column":41}},"3":{"start":{"line":11,"column":12},"end":{"line":11,"column":34}},"4":{"start":{"line":12,"column":30},"end":{"line":12,"column":37}},"5":{"start":{"line":14,"column":12},"end":{"line":16,"column":13}},"6":{"start":{"line":15,"column":16},"end":{"line":15,"column":115}},"7":{"start":{"line":18,"column":12},"end":{"line":20,"column":13}},"8":{"start":{"line":19,"column":16},"end":{"line":19,"column":69}},"9":{"start":{"line":22,"column":12},"end":{"line":22,"column":31}},"10":{"start":{"line":23,"column":12},"end":{"line":23,"column":59}},"11":{"start":{"line":24,"column":12},"end":{"line":24,"column":43}},"12":{"start":{"line":28,"column":12},"end":{"line":28,"column":46}},"13":{"start":{"line":31,"column":34},"end":{"line":33,"column":9}},"14":{"start":{"line":32,"column":12},"end":{"line":32,"column":67}},"15":{"start":{"line":35,"column":37},"end":{"line":37,"column":9}},"16":{"start":{"line":36,"column":12},"end":{"line":36,"column":31}},"17":{"start":{"line":39,"column":19},"end":{"line":41,"column":9}},"18":{"start":{"line":40,"column":12},"end":{"line":40,"column":50}},"19":{"start":{"line":44,"column":12},"end":{"line":49,"column":14}},"20":{"start":{"line":53,"column":4},"end":{"line":53,"column":24}}},"fnMap":{"0":{"name":"(anonymous_0)","decl":{"start":{"line":6,"column":16},"end":{"line":6,"column":17}},"loc":{"start":{"line":6,"column":35},"end":{"line":54,"column":1}},"line":6},"1":{"name":"(anonymous_1)","decl":{"start":{"line":6,"column":35},"end":{"line":6,"column":36}},"loc":{"start":{"line":6,"column":48},"end":{"line":54,"column":1}},"line":6},"2":{"name":"(anonymous_2)","decl":{"start":{"line":10,"column":8},"end":{"line":10,"column":9}},"loc":{"start":{"line":10,"column":36},"end":{"line":25,"column":9}},"line":10},"3":{"name":"(anonymous_3)","decl":{"start":{"line":27,"column":8},"end":{"line":27,"column":9}},"loc":{"start":{"line":27,"column":31},"end":{"line":29,"column":9}},"line":27},"4":{"name":"(anonymous_4)","decl":{"start":{"line":31,"column":34},"end":{"line":31,"column":35}},"loc":{"start":{"line":31,"column":40},"end":{"line":33,"column":9}},"line":31},"5":{"name":"(anonymous_5)","decl":{"start":{"line":35,"column":37},"end":{"line":35,"column":38}},"loc":{"start":{"line":35,"column":43},"end":{"line":37,"column":9}},"line":35},"6":{"name":"(anonymous_6)","decl":{"start":{"line":39,"column":19},"end":{"line":39,"column":20}},"loc":{"start":{"line":39,"column":28},"end":{"line":41,"column":9}},"line":39},"7":{"name":"(anonymous_7)","decl":{"start":{"line":43,"column":8},"end":{"line":43,"column":9}},"loc":{"start":{"line":43,"column":17},"end":{"line":50,"column":9}},"line":43}},"branchMap":{"0":{"loc":{"start":{"line":14,"column":12},"end":{"line":16,"column":13}},"type":"if","locations":[{"start":{"line":14,"column":12},"end":{"line":16,"column":13}},{"start":{"line":14,"column":12},"end":{"line":16,"column":13}}],"line":14},"1":{"loc":{"start":{"line":18,"column":12},"end":{"line":20,"column":13}},"type":"if","locations":[{"start":{"line":18,"column":12},"end":{"line":20,"column":13}},{"start":{"line":18,"column":12},"end":{"line":20,"column":13}}],"line":18}},"s":{"0":2,"1":8,"2":8,"3":10,"4":10,"5":10,"6":1,"7":9,"8":4,"9":5,"10":5,"11":5,"12":1,"13":10,"14":5,"15":10,"16":1,"17":10,"18":3,"19":7,"20":8},"f":{"0":8,"1":8,"2":10,"3":1,"4":5,"5":1,"6":3,"7":7},"b":{"0":[1,9],"1":[4,5]},"_coverageSchema":"43e27e138ebf9cfc5966b082cf9a028302ed4184","hash":"7aa222e880842ea0c253fb440f3bbfb2c7660ae0"}
,"/Users/vivekmunde/Documents/duxact/src/connect.js": {"path":"/Users/vivekmunde/Documents/duxact/src/connect.js","statementMap":{"0":{"start":{"line":5,"column":16},"end":{"line":16,"column":5}},"1":{"start":{"line":6,"column":4},"end":{"line":16,"column":5}},"2":{"start":{"line":7,"column":8},"end":{"line":9,"column":9}},"3":{"start":{"line":8,"column":12},"end":{"line":8,"column":66}},"4":{"start":{"line":11,"column":8},"end":{"line":13,"column":9}},"5":{"start":{"line":12,"column":12},"end":{"line":12,"column":60}},"6":{"start":{"line":15,"column":8},"end":{"line":15,"column":93}}},"fnMap":{"0":{"name":"(anonymous_0)","decl":{"start":{"line":5,"column":16},"end":{"line":5,"column":17}},"loc":{"start":{"line":6,"column":4},"end":{"line":16,"column":5}},"line":6},"1":{"name":"(anonymous_1)","decl":{"start":{"line":6,"column":4},"end":{"line":6,"column":5}},"loc":{"start":{"line":6,"column":17},"end":{"line":16,"column":5}},"line":6}},"branchMap":{"0":{"loc":{"start":{"line":7,"column":8},"end":{"line":9,"column":9}},"type":"if","locations":[{"start":{"line":7,"column":8},"end":{"line":9,"column":9}},{"start":{"line":7,"column":8},"end":{"line":9,"column":9}}],"line":7},"1":{"loc":{"start":{"line":11,"column":8},"end":{"line":13,"column":9}},"type":"if","locations":[{"start":{"line":11,"column":8},"end":{"line":13,"column":9}},{"start":{"line":11,"column":8},"end":{"line":13,"column":9}}],"line":11}},"s":{"0":1,"1":3,"2":3,"3":1,"4":2,"5":1,"6":1},"f":{"0":3,"1":3},"b":{"0":[1,2],"1":[1,1]},"_coverageSchema":"43e27e138ebf9cfc5966b082cf9a028302ed4184","hash":"d3016fc75061c34d35e01989fcc429eda831c485"}
,"/Users/vivekmunde/Documents/duxact/src/create-store.js": {"path":"/Users/vivekmunde/Documents/duxact/src/create-store.js","statementMap":{"0":{"start":{"line":4,"column":23},"end":{"line":4,"column":43}},"1":{"start":{"line":5,"column":20},"end":{"line":5,"column":22}},"2":{"start":{"line":6,"column":24},"end":{"line":6,"column":29}},"3":{"start":{"line":9,"column":8},"end":{"line":11,"column":9}},"4":{"start":{"line":10,"column":12},"end":{"line":10,"column":136}},"5":{"start":{"line":13,"column":8},"end":{"line":13,"column":28}},"6":{"start":{"line":17,"column":8},"end":{"line":19,"column":9}},"7":{"start":{"line":18,"column":12},"end":{"line":18,"column":58}},"8":{"start":{"line":21,"column":8},"end":{"line":24,"column":10}},"9":{"start":{"line":28,"column":8},"end":{"line":30,"column":9}},"10":{"start":{"line":29,"column":12},"end":{"line":29,"column":60}},"11":{"start":{"line":32,"column":8},"end":{"line":34,"column":9}},"12":{"start":{"line":33,"column":12},"end":{"line":33,"column":87}},"13":{"start":{"line":36,"column":27},"end":{"line":36,"column":31}},"14":{"start":{"line":38,"column":8},"end":{"line":38,"column":33}},"15":{"start":{"line":40,"column":8},"end":{"line":53,"column":10}},"16":{"start":{"line":41,"column":12},"end":{"line":43,"column":13}},"17":{"start":{"line":42,"column":16},"end":{"line":42,"column":23}},"18":{"start":{"line":45,"column":12},"end":{"line":47,"column":13}},"19":{"start":{"line":46,"column":16},"end":{"line":46,"column":93}},"20":{"start":{"line":49,"column":12},"end":{"line":49,"column":33}},"21":{"start":{"line":51,"column":26},"end":{"line":51,"column":53}},"22":{"start":{"line":52,"column":12},"end":{"line":52,"column":39}},"23":{"start":{"line":57,"column":8},"end":{"line":59,"column":9}},"24":{"start":{"line":58,"column":12},"end":{"line":58,"column":94}},"25":{"start":{"line":61,"column":8},"end":{"line":66,"column":9}},"26":{"start":{"line":62,"column":12},"end":{"line":62,"column":33}},"27":{"start":{"line":63,"column":12},"end":{"line":63,"column":43}},"28":{"start":{"line":65,"column":12},"end":{"line":65,"column":34}},"29":{"start":{"line":68,"column":8},"end":{"line":70,"column":9}},"30":{"start":{"line":68,"column":21},"end":{"line":68,"column":22}},"31":{"start":{"line":69,"column":12},"end":{"line":69,"column":39}},"32":{"start":{"line":73,"column":4},"end":{"line":75,"column":7}},"33":{"start":{"line":74,"column":8},"end":{"line":74,"column":21}},"34":{"start":{"line":77,"column":4},"end":{"line":81,"column":6}}},"fnMap":{"0":{"name":"createStore","decl":{"start":{"line":3,"column":24},"end":{"line":3,"column":35}},"loc":{"start":{"line":3,"column":52},"end":{"line":82,"column":1}},"line":3},"1":{"name":"getState","decl":{"start":{"line":8,"column":13},"end":{"line":8,"column":21}},"loc":{"start":{"line":8,"column":24},"end":{"line":14,"column":5}},"line":8},"2":{"name":"reducer","decl":{"start":{"line":16,"column":13},"end":{"line":16,"column":20}},"loc":{"start":{"line":16,"column":29},"end":{"line":25,"column":5}},"line":16},"3":{"name":"subscribe","decl":{"start":{"line":27,"column":13},"end":{"line":27,"column":22}},"loc":{"start":{"line":27,"column":33},"end":{"line":54,"column":5}},"line":27},"4":{"name":"unsubscribe","decl":{"start":{"line":40,"column":24},"end":{"line":40,"column":35}},"loc":{"start":{"line":40,"column":38},"end":{"line":53,"column":9}},"line":40},"5":{"name":"dispatch","decl":{"start":{"line":56,"column":13},"end":{"line":56,"column":21}},"loc":{"start":{"line":56,"column":30},"end":{"line":71,"column":5}},"line":56},"6":{"name":"(anonymous_6)","decl":{"start":{"line":73,"column":13},"end":{"line":73,"column":14}},"loc":{"start":{"line":73,"column":30},"end":{"line":75,"column":5}},"line":73}},"branchMap":{"0":{"loc":{"start":{"line":4,"column":23},"end":{"line":4,"column":43}},"type":"binary-expr","locations":[{"start":{"line":4,"column":23},"end":{"line":4,"column":37}},{"start":{"line":4,"column":41},"end":{"line":4,"column":43}}],"line":4},"1":{"loc":{"start":{"line":9,"column":8},"end":{"line":11,"column":9}},"type":"if","locations":[{"start":{"line":9,"column":8},"end":{"line":11,"column":9}},{"start":{"line":9,"column":8},"end":{"line":11,"column":9}}],"line":9},"2":{"loc":{"start":{"line":17,"column":8},"end":{"line":19,"column":9}},"type":"if","locations":[{"start":{"line":17,"column":8},"end":{"line":19,"column":9}},{"start":{"line":17,"column":8},"end":{"line":19,"column":9}}],"line":17},"3":{"loc":{"start":{"line":28,"column":8},"end":{"line":30,"column":9}},"type":"if","locations":[{"start":{"line":28,"column":8},"end":{"line":30,"column":9}},{"start":{"line":28,"column":8},"end":{"line":30,"column":9}}],"line":28},"4":{"loc":{"start":{"line":32,"column":8},"end":{"line":34,"column":9}},"type":"if","locations":[{"start":{"line":32,"column":8},"end":{"line":34,"column":9}},{"start":{"line":32,"column":8},"end":{"line":34,"column":9}}],"line":32},"5":{"loc":{"start":{"line":41,"column":12},"end":{"line":43,"column":13}},"type":"if","locations":[{"start":{"line":41,"column":12},"end":{"line":43,"column":13}},{"start":{"line":41,"column":12},"end":{"line":43,"column":13}}],"line":41},"6":{"loc":{"start":{"line":45,"column":12},"end":{"line":47,"column":13}},"type":"if","locations":[{"start":{"line":45,"column":12},"end":{"line":47,"column":13}},{"start":{"line":45,"column":12},"end":{"line":47,"column":13}}],"line":45},"7":{"loc":{"start":{"line":57,"column":8},"end":{"line":59,"column":9}},"type":"if","locations":[{"start":{"line":57,"column":8},"end":{"line":59,"column":9}},{"start":{"line":57,"column":8},"end":{"line":59,"column":9}}],"line":57}},"s":{"0":24,"1":24,"2":24,"3":14,"4":1,"5":13,"6":44,"7":1,"8":43,"9":14,"10":2,"11":12,"12":1,"13":11,"14":11,"15":11,"16":5,"17":1,"18":4,"19":1,"20":3,"21":3,"22":3,"23":45,"24":1,"25":44,"26":44,"27":44,"28":44,"29":39,"30":39,"31":10,"32":24,"33":24,"34":24},"f":{"0":24,"1":14,"2":44,"3":14,"4":5,"5":45,"6":24},"b":{"0":[24,1],"1":[1,13],"2":[1,43],"3":[2,12],"4":[1,11],"5":[1,4],"6":[1,3],"7":[1,44]},"_coverageSchema":"43e27e138ebf9cfc5966b082cf9a028302ed4184","hash":"d3639286f90db14f67ca6cb3e7388d9d89a057f6"}
,"/Users/vivekmunde/Documents/duxact/src/inject-dispatch.js": {"path":"/Users/vivekmunde/Documents/duxact/src/inject-dispatch.js","statementMap":{"0":{"start":{"line":4,"column":23},"end":{"line":18,"column":5}},"1":{"start":{"line":5,"column":4},"end":{"line":18,"column":5}},"2":{"start":{"line":6,"column":8},"end":{"line":8,"column":9}},"3":{"start":{"line":7,"column":12},"end":{"line":7,"column":79}},"4":{"start":{"line":10,"column":8},"end":{"line":17,"column":18}},"5":{"start":{"line":12,"column":16},"end":{"line":14,"column":17}},"6":{"start":{"line":13,"column":20},"end":{"line":13,"column":69}},"7":{"start":{"line":15,"column":16},"end":{"line":15,"column":116}},"8":{"start":{"line":15,"column":62},"end":{"line":15,"column":115}},"9":{"start":{"line":16,"column":16},"end":{"line":16,"column":35}}},"fnMap":{"0":{"name":"(anonymous_0)","decl":{"start":{"line":4,"column":23},"end":{"line":4,"column":24}},"loc":{"start":{"line":5,"column":4},"end":{"line":18,"column":5}},"line":5},"1":{"name":"(anonymous_1)","decl":{"start":{"line":5,"column":4},"end":{"line":5,"column":5}},"loc":{"start":{"line":5,"column":16},"end":{"line":18,"column":5}},"line":5},"2":{"name":"(anonymous_2)","decl":{"start":{"line":11,"column":20},"end":{"line":11,"column":21}},"loc":{"start":{"line":11,"column":56},"end":{"line":17,"column":13}},"line":11},"3":{"name":"(anonymous_3)","decl":{"start":{"line":15,"column":49},"end":{"line":15,"column":50}},"loc":{"start":{"line":15,"column":62},"end":{"line":15,"column":115}},"line":15}},"branchMap":{"0":{"loc":{"start":{"line":6,"column":8},"end":{"line":8,"column":9}},"type":"if","locations":[{"start":{"line":6,"column":8},"end":{"line":8,"column":9}},{"start":{"line":6,"column":8},"end":{"line":8,"column":9}}],"line":6},"1":{"loc":{"start":{"line":12,"column":16},"end":{"line":14,"column":17}},"type":"if","locations":[{"start":{"line":12,"column":16},"end":{"line":14,"column":17}},{"start":{"line":12,"column":16},"end":{"line":14,"column":17}}],"line":12}},"s":{"0":1,"1":3,"2":3,"3":1,"4":2,"5":2,"6":1,"7":1,"8":1,"9":1},"f":{"0":3,"1":3,"2":2,"3":1},"b":{"0":[1,2],"1":[1,1]},"_coverageSchema":"43e27e138ebf9cfc5966b082cf9a028302ed4184","hash":"3b240f2d0ab18d021939fb612ba8f2e899369501"}
,"/Users/vivekmunde/Documents/duxact/src/is-function.js": {"path":"/Users/vivekmunde/Documents/duxact/src/is-function.js","statementMap":{"0":{"start":{"line":2,"column":4},"end":{"line":2,"column":37}}},"fnMap":{"0":{"name":"(anonymous_0)","decl":{"start":{"line":1,"column":15},"end":{"line":1,"column":16}},"loc":{"start":{"line":1,"column":30},"end":{"line":3,"column":1}},"line":1}},"branchMap":{},"s":{"0":83},"f":{"0":83},"b":{},"_coverageSchema":"43e27e138ebf9cfc5966b082cf9a028302ed4184","hash":"4ffb022c9156297a0e65d1f0e12138ef40bd8b22"}
,"/Users/vivekmunde/Documents/duxact/src/is-null.js": {"path":"/Users/vivekmunde/Documents/duxact/src/is-null.js","statementMap":{"0":{"start":{"line":1,"column":25},"end":{"line":1,"column":37}}},"fnMap":{"0":{"name":"(anonymous_0)","decl":{"start":{"line":1,"column":15},"end":{"line":1,"column":16}},"loc":{"start":{"line":1,"column":25},"end":{"line":1,"column":37}},"line":1}},"branchMap":{},"s":{"0":51},"f":{"0":51},"b":{},"_coverageSchema":"43e27e138ebf9cfc5966b082cf9a028302ed4184","hash":"3b5e67d6e497e133f2431cb3f945faa28d65ac20"}
,"/Users/vivekmunde/Documents/duxact/src/is-undefined-or-null.js": {"path":"/Users/vivekmunde/Documents/duxact/src/is-undefined-or-null.js","statementMap":{"0":{"start":{"line":4,"column":24},"end":{"line":4,"column":55}}},"fnMap":{"0":{"name":"(anonymous_0)","decl":{"start":{"line":4,"column":15},"end":{"line":4,"column":16}},"loc":{"start":{"line":4,"column":24},"end":{"line":4,"column":55}},"line":4}},"branchMap":{"0":{"loc":{"start":{"line":4,"column":24},"end":{"line":4,"column":55}},"type":"binary-expr","locations":[{"start":{"line":4,"column":24},"end":{"line":4,"column":40}},{"start":{"line":4,"column":44},"end":{"line":4,"column":55}}],"line":4}},"s":{"0":53},"f":{"0":53},"b":{"0":[53,46]},"_coverageSchema":"43e27e138ebf9cfc5966b082cf9a028302ed4184","hash":"c99b766cd0ef63dda5069b106697a08ab0a3f673"}
,"/Users/vivekmunde/Documents/duxact/src/is-undefined.js": {"path":"/Users/vivekmunde/Documents/duxact/src/is-undefined.js","statementMap":{"0":{"start":{"line":1,"column":25},"end":{"line":1,"column":42}}},"fnMap":{"0":{"name":"(anonymous_0)","decl":{"start":{"line":1,"column":15},"end":{"line":1,"column":16}},"loc":{"start":{"line":1,"column":25},"end":{"line":1,"column":42}},"line":1}},"branchMap":{},"s":{"0":58},"f":{"0":58},"b":{},"_coverageSchema":"43e27e138ebf9cfc5966b082cf9a028302ed4184","hash":"5712547d675aba8ae5c95f92dab4cce47d79ca8f"}
,"/Users/vivekmunde/Documents/duxact/src/is-user-defined-object.js": {"path":"/Users/vivekmunde/Documents/duxact/src/is-user-defined-object.js","statementMap":{"0":{"start":{"line":4,"column":4},"end":{"line":6,"column":35}}},"fnMap":{"0":{"name":"(anonymous_0)","decl":{"start":{"line":3,"column":15},"end":{"line":3,"column":16}},"loc":{"start":{"line":3,"column":30},"end":{"line":7,"column":1}},"line":3}},"branchMap":{"0":{"loc":{"start":{"line":4,"column":11},"end":{"line":6,"column":34}},"type":"binary-expr","locations":[{"start":{"line":4,"column":11},"end":{"line":4,"column":34}},{"start":{"line":5,"column":11},"end":{"line":5,"column":30}},{"start":{"line":6,"column":11},"end":{"line":6,"column":34}}],"line":4}},"s":{"0":11},"f":{"0":11},"b":{"0":[11,8,7]},"_coverageSchema":"43e27e138ebf9cfc5966b082cf9a028302ed4184","hash":"fc524d6012d2605efb5445f3fcff7a6b1c172e6e"}
,"/Users/vivekmunde/Documents/duxact/src/provider.js": {"path":"/Users/vivekmunde/Documents/duxact/src/provider.js","statementMap":{"0":{"start":{"line":7,"column":8},"end":{"line":7,"column":30}},"1":{"start":{"line":9,"column":26},"end":{"line":9,"column":31}},"2":{"start":{"line":11,"column":8},"end":{"line":13,"column":9}},"3":{"start":{"line":12,"column":12},"end":{"line":12,"column":51}},"4":{"start":{"line":15,"column":8},"end":{"line":15,"column":27}},"5":{"start":{"line":19,"column":8},"end":{"line":25,"column":10}}},"fnMap":{"0":{"name":"(anonymous_0)","decl":{"start":{"line":6,"column":4},"end":{"line":6,"column":5}},"loc":{"start":{"line":6,"column":32},"end":{"line":16,"column":5}},"line":6},"1":{"name":"(anonymous_1)","decl":{"start":{"line":18,"column":4},"end":{"line":18,"column":5}},"loc":{"start":{"line":18,"column":13},"end":{"line":26,"column":5}},"line":18}},"branchMap":{"0":{"loc":{"start":{"line":11,"column":8},"end":{"line":13,"column":9}},"type":"if","locations":[{"start":{"line":11,"column":8},"end":{"line":13,"column":9}},{"start":{"line":11,"column":8},"end":{"line":13,"column":9}}],"line":11}},"s":{"0":14,"1":14,"2":14,"3":2,"4":12,"5":12},"f":{"0":14,"1":12},"b":{"0":[2,12]},"_coverageSchema":"43e27e138ebf9cfc5966b082cf9a028302ed4184","hash":"144bbaa4d4489dd84ae7ef2836af2ca2690eb558"}
,"/Users/vivekmunde/Documents/duxact/src/store-context.js": {"path":"/Users/vivekmunde/Documents/duxact/src/store-context.js","statementMap":{},"fnMap":{},"branchMap":{},"s":{},"f":{},"b":{},"_coverageSchema":"43e27e138ebf9cfc5966b082cf9a028302ed4184","hash":"f93744adb8f37329169455a33b47165cd388f93f"}
}
