{"/Users/vivekmunde/Documents/duxact/src/array-to-map-state-to-props.js": {"path":"/Users/vivekmunde/Documents/duxact/src/array-to-map-state-to-props.js","statementMap":{"0":{"start":{"line":1,"column":31},"end":{"line":11,"column":5}},"1":{"start":{"line":2,"column":4},"end":{"line":11,"column":5}},"2":{"start":{"line":3,"column":8},"end":{"line":5,"column":9}},"3":{"start":{"line":4,"column":12},"end":{"line":4,"column":71}},"4":{"start":{"line":7,"column":8},"end":{"line":10,"column":15}},"5":{"start":{"line":8,"column":12},"end":{"line":8,"column":52}},"6":{"start":{"line":9,"column":12},"end":{"line":9,"column":31}}},"fnMap":{"0":{"name":"(anonymous_0)","decl":{"start":{"line":1,"column":31},"end":{"line":1,"column":32}},"loc":{"start":{"line":2,"column":4},"end":{"line":11,"column":5}},"line":2},"1":{"name":"(anonymous_1)","decl":{"start":{"line":2,"column":4},"end":{"line":2,"column":5}},"loc":{"start":{"line":2,"column":13},"end":{"line":11,"column":5}},"line":2},"2":{"name":"(anonymous_2)","decl":{"start":{"line":7,"column":26},"end":{"line":7,"column":27}},"loc":{"start":{"line":7,"column":53},"end":{"line":10,"column":9}},"line":7}},"branchMap":{"0":{"loc":{"start":{"line":3,"column":8},"end":{"line":5,"column":9}},"type":"if","locations":[{"start":{"line":3,"column":8},"end":{"line":5,"column":9}},{"start":{"line":3,"column":8},"end":{"line":5,"column":9}}],"line":3}},"s":{"0":1,"1":2,"2":2,"3":1,"4":1,"5":2,"6":2},"f":{"0":2,"1":2,"2":2},"b":{"0":[1,1]},"_coverageSchema":"43e27e138ebf9cfc5966b082cf9a028302ed4184","hash":"5dc50b097479b260472f29d0ba14a99ee4897bcb"}
,"/Users/vivekmunde/Documents/duxact/src/connect-dispatch.js": {"path":"/Users/vivekmunde/Documents/duxact/src/connect-dispatch.js","statementMap":{"0":{"start":{"line":6,"column":16},"end":{"line":37,"column":1}},"1":{"start":{"line":6,"column":38},"end":{"line":37,"column":1}},"2":{"start":{"line":8,"column":30},"end":{"line":8,"column":46}},"3":{"start":{"line":11,"column":12},"end":{"line":11,"column":34}},"4":{"start":{"line":12,"column":30},"end":{"line":12,"column":37}},"5":{"start":{"line":14,"column":12},"end":{"line":16,"column":13}},"6":{"start":{"line":15,"column":16},"end":{"line":15,"column":115}},"7":{"start":{"line":18,"column":12},"end":{"line":20,"column":13}},"8":{"start":{"line":19,"column":16},"end":{"line":19,"column":72}},"9":{"start":{"line":22,"column":12},"end":{"line":22,"column":31}},"10":{"start":{"line":23,"column":12},"end":{"line":23,"column":66}},"11":{"start":{"line":27,"column":12},"end":{"line":32,"column":14}},"12":{"start":{"line":36,"column":4},"end":{"line":36,"column":27}}},"fnMap":{"0":{"name":"(anonymous_0)","decl":{"start":{"line":6,"column":16},"end":{"line":6,"column":17}},"loc":{"start":{"line":6,"column":38},"end":{"line":37,"column":1}},"line":6},"1":{"name":"(anonymous_1)","decl":{"start":{"line":6,"column":38},"end":{"line":6,"column":39}},"loc":{"start":{"line":6,"column":51},"end":{"line":37,"column":1}},"line":6},"2":{"name":"(anonymous_2)","decl":{"start":{"line":10,"column":8},"end":{"line":10,"column":9}},"loc":{"start":{"line":10,"column":36},"end":{"line":24,"column":9}},"line":10},"3":{"name":"(anonymous_3)","decl":{"start":{"line":26,"column":8},"end":{"line":26,"column":9}},"loc":{"start":{"line":26,"column":17},"end":{"line":33,"column":9}},"line":26}},"branchMap":{"0":{"loc":{"start":{"line":14,"column":12},"end":{"line":16,"column":13}},"type":"if","locations":[{"start":{"line":14,"column":12},"end":{"line":16,"column":13}},{"start":{"line":14,"column":12},"end":{"line":16,"column":13}}],"line":14},"1":{"loc":{"start":{"line":18,"column":12},"end":{"line":20,"column":13}},"type":"if","locations":[{"start":{"line":18,"column":12},"end":{"line":20,"column":13}},{"start":{"line":18,"column":12},"end":{"line":20,"column":13}}],"line":18}},"s":{"0":2,"1":6,"2":6,"3":6,"4":6,"5":6,"6":1,"7":5,"8":2,"9":3,"10":3,"11":4,"12":6},"f":{"0":6,"1":6,"2":6,"3":4},"b":{"0":[1,5],"1":[2,3]},"_coverageSchema":"43e27e138ebf9cfc5966b082cf9a028302ed4184","hash":"e412707750873403bde8496981500d41fa9241fa"}
,"/Users/vivekmunde/Documents/duxact/src/connect-state.js": {"path":"/Users/vivekmunde/Documents/duxact/src/connect-state.js","statementMap":{"0":{"start":{"line":6,"column":16},"end":{"line":54,"column":1}},"1":{"start":{"line":6,"column":35},"end":{"line":54,"column":1}},"2":{"start":{"line":8,"column":30},"end":{"line":8,"column":46}},"3":{"start":{"line":11,"column":12},"end":{"line":11,"column":34}},"4":{"start":{"line":12,"column":30},"end":{"line":12,"column":37}},"5":{"start":{"line":14,"column":12},"end":{"line":16,"column":13}},"6":{"start":{"line":15,"column":16},"end":{"line":15,"column":115}},"7":{"start":{"line":18,"column":12},"end":{"line":20,"column":13}},"8":{"start":{"line":19,"column":16},"end":{"line":19,"column":69}},"9":{"start":{"line":22,"column":12},"end":{"line":22,"column":31}},"10":{"start":{"line":23,"column":12},"end":{"line":23,"column":59}},"11":{"start":{"line":24,"column":12},"end":{"line":24,"column":43}},"12":{"start":{"line":28,"column":12},"end":{"line":28,"column":46}},"13":{"start":{"line":31,"column":34},"end":{"line":33,"column":9}},"14":{"start":{"line":32,"column":12},"end":{"line":32,"column":67}},"15":{"start":{"line":35,"column":37},"end":{"line":37,"column":9}},"16":{"start":{"line":36,"column":12},"end":{"line":36,"column":31}},"17":{"start":{"line":39,"column":19},"end":{"line":41,"column":9}},"18":{"start":{"line":40,"column":12},"end":{"line":40,"column":50}},"19":{"start":{"line":44,"column":12},"end":{"line":49,"column":14}},"20":{"start":{"line":53,"column":4},"end":{"line":53,"column":24}}},"fnMap":{"0":{"name":"(anonymous_0)","decl":{"start":{"line":6,"column":16},"end":{"line":6,"column":17}},"loc":{"start":{"line":6,"column":35},"end":{"line":54,"column":1}},"line":6},"1":{"name":"(anonymous_1)","decl":{"start":{"line":6,"column":35},"end":{"line":6,"column":36}},"loc":{"start":{"line":6,"column":48},"end":{"line":54,"column":1}},"line":6},"2":{"name":"(anonymous_2)","decl":{"start":{"line":10,"column":8},"end":{"line":10,"column":9}},"loc":{"start":{"line":10,"column":36},"end":{"line":25,"column":9}},"line":10},"3":{"name":"(anonymous_3)","decl":{"start":{"line":27,"column":8},"end":{"line":27,"column":9}},"loc":{"start":{"line":27,"column":31},"end":{"line":29,"column":9}},"line":27},"4":{"name":"(anonymous_4)","decl":{"start":{"line":31,"column":34},"end":{"line":31,"column":35}},"loc":{"start":{"line":31,"column":40},"end":{"line":33,"column":9}},"line":31},"5":{"name":"(anonymous_5)","decl":{"start":{"line":35,"column":37},"end":{"line":35,"column":38}},"loc":{"start":{"line":35,"column":43},"end":{"line":37,"column":9}},"line":35},"6":{"name":"(anonymous_6)","decl":{"start":{"line":39,"column":19},"end":{"line":39,"column":20}},"loc":{"start":{"line":39,"column":28},"end":{"line":41,"column":9}},"line":39},"7":{"name":"(anonymous_7)","decl":{"start":{"line":43,"column":8},"end":{"line":43,"column":9}},"loc":{"start":{"line":43,"column":17},"end":{"line":50,"column":9}},"line":43}},"branchMap":{"0":{"loc":{"start":{"line":14,"column":12},"end":{"line":16,"column":13}},"type":"if","locations":[{"start":{"line":14,"column":12},"end":{"line":16,"column":13}},{"start":{"line":14,"column":12},"end":{"line":16,"column":13}}],"line":14},"1":{"loc":{"start":{"line":18,"column":12},"end":{"line":20,"column":13}},"type":"if","locations":[{"start":{"line":18,"column":12},"end":{"line":20,"column":13}},{"start":{"line":18,"column":12},"end":{"line":20,"column":13}}],"line":18}},"s":{"0":2,"1":8,"2":8,"3":8,"4":8,"5":8,"6":1,"7":7,"8":2,"9":5,"10":5,"11":5,"12":1,"13":8,"14":5,"15":8,"16":1,"17":8,"18":3,"19":7,"20":8},"f":{"0":8,"1":8,"2":8,"3":1,"4":5,"5":1,"6":3,"7":7},"b":{"0":[1,7],"1":[2,5]},"_coverageSchema":"43e27e138ebf9cfc5966b082cf9a028302ed4184","hash":"0a0b6e3d7f41e8beed4c304ebae585497d4cff08"}
,"/Users/vivekmunde/Documents/duxact/src/connect.js": {"path":"/Users/vivekmunde/Documents/duxact/src/connect.js","statementMap":{"0":{"start":{"line":5,"column":16},"end":{"line":16,"column":5}},"1":{"start":{"line":6,"column":4},"end":{"line":16,"column":5}},"2":{"start":{"line":7,"column":8},"end":{"line":9,"column":9}},"3":{"start":{"line":8,"column":12},"end":{"line":8,"column":66}},"4":{"start":{"line":11,"column":8},"end":{"line":13,"column":9}},"5":{"start":{"line":12,"column":12},"end":{"line":12,"column":60}},"6":{"start":{"line":15,"column":8},"end":{"line":15,"column":93}}},"fnMap":{"0":{"name":"(anonymous_0)","decl":{"start":{"line":5,"column":16},"end":{"line":5,"column":17}},"loc":{"start":{"line":6,"column":4},"end":{"line":16,"column":5}},"line":6},"1":{"name":"(anonymous_1)","decl":{"start":{"line":6,"column":4},"end":{"line":6,"column":5}},"loc":{"start":{"line":6,"column":17},"end":{"line":16,"column":5}},"line":6}},"branchMap":{"0":{"loc":{"start":{"line":7,"column":8},"end":{"line":9,"column":9}},"type":"if","locations":[{"start":{"line":7,"column":8},"end":{"line":9,"column":9}},{"start":{"line":7,"column":8},"end":{"line":9,"column":9}}],"line":7},"1":{"loc":{"start":{"line":11,"column":8},"end":{"line":13,"column":9}},"type":"if","locations":[{"start":{"line":11,"column":8},"end":{"line":13,"column":9}},{"start":{"line":11,"column":8},"end":{"line":13,"column":9}}],"line":11}},"s":{"0":1,"1":3,"2":3,"3":1,"4":2,"5":1,"6":1},"f":{"0":3,"1":3},"b":{"0":[1,2],"1":[1,1]},"_coverageSchema":"43e27e138ebf9cfc5966b082cf9a028302ed4184","hash":"d3016fc75061c34d35e01989fcc429eda831c485"}
,"/Users/vivekmunde/Documents/duxact/src/create-store.js": {"path":"/Users/vivekmunde/Documents/duxact/src/create-store.js","statementMap":{"0":{"start":{"line":4,"column":23},"end":{"line":4,"column":43}},"1":{"start":{"line":5,"column":20},"end":{"line":5,"column":22}},"2":{"start":{"line":8,"column":8},"end":{"line":8,"column":28}},"3":{"start":{"line":12,"column":8},"end":{"line":14,"column":9}},"4":{"start":{"line":13,"column":12},"end":{"line":13,"column":58}},"5":{"start":{"line":16,"column":8},"end":{"line":19,"column":10}},"6":{"start":{"line":23,"column":8},"end":{"line":25,"column":9}},"7":{"start":{"line":24,"column":12},"end":{"line":24,"column":60}},"8":{"start":{"line":27,"column":8},"end":{"line":27,"column":33}},"9":{"start":{"line":29,"column":8},"end":{"line":34,"column":10}},"10":{"start":{"line":30,"column":26},"end":{"line":30,"column":53}},"11":{"start":{"line":31,"column":12},"end":{"line":33,"column":13}},"12":{"start":{"line":32,"column":16},"end":{"line":32,"column":43}},"13":{"start":{"line":38,"column":8},"end":{"line":38,"column":39}},"14":{"start":{"line":40,"column":8},"end":{"line":42,"column":9}},"15":{"start":{"line":40,"column":21},"end":{"line":40,"column":22}},"16":{"start":{"line":41,"column":12},"end":{"line":41,"column":39}},"17":{"start":{"line":45,"column":4},"end":{"line":47,"column":7}},"18":{"start":{"line":46,"column":8},"end":{"line":46,"column":21}},"19":{"start":{"line":49,"column":4},"end":{"line":53,"column":6}}},"fnMap":{"0":{"name":"createStore","decl":{"start":{"line":3,"column":24},"end":{"line":3,"column":35}},"loc":{"start":{"line":3,"column":52},"end":{"line":54,"column":1}},"line":3},"1":{"name":"getState","decl":{"start":{"line":7,"column":13},"end":{"line":7,"column":21}},"loc":{"start":{"line":7,"column":24},"end":{"line":9,"column":5}},"line":7},"2":{"name":"reducer","decl":{"start":{"line":11,"column":13},"end":{"line":11,"column":20}},"loc":{"start":{"line":11,"column":29},"end":{"line":20,"column":5}},"line":11},"3":{"name":"subscribe","decl":{"start":{"line":22,"column":13},"end":{"line":22,"column":22}},"loc":{"start":{"line":22,"column":33},"end":{"line":35,"column":5}},"line":22},"4":{"name":"unsubscribe","decl":{"start":{"line":29,"column":24},"end":{"line":29,"column":35}},"loc":{"start":{"line":29,"column":38},"end":{"line":34,"column":9}},"line":29},"5":{"name":"dispatch","decl":{"start":{"line":37,"column":13},"end":{"line":37,"column":21}},"loc":{"start":{"line":37,"column":30},"end":{"line":43,"column":5}},"line":37},"6":{"name":"(anonymous_6)","decl":{"start":{"line":45,"column":13},"end":{"line":45,"column":14}},"loc":{"start":{"line":45,"column":30},"end":{"line":47,"column":5}},"line":45}},"branchMap":{"0":{"loc":{"start":{"line":4,"column":23},"end":{"line":4,"column":43}},"type":"binary-expr","locations":[{"start":{"line":4,"column":23},"end":{"line":4,"column":37}},{"start":{"line":4,"column":41},"end":{"line":4,"column":43}}],"line":4},"1":{"loc":{"start":{"line":12,"column":8},"end":{"line":14,"column":9}},"type":"if","locations":[{"start":{"line":12,"column":8},"end":{"line":14,"column":9}},{"start":{"line":12,"column":8},"end":{"line":14,"column":9}}],"line":12},"2":{"loc":{"start":{"line":23,"column":8},"end":{"line":25,"column":9}},"type":"if","locations":[{"start":{"line":23,"column":8},"end":{"line":25,"column":9}},{"start":{"line":23,"column":8},"end":{"line":25,"column":9}}],"line":23},"3":{"loc":{"start":{"line":31,"column":12},"end":{"line":33,"column":13}},"type":"if","locations":[{"start":{"line":31,"column":12},"end":{"line":33,"column":13}},{"start":{"line":31,"column":12},"end":{"line":33,"column":13}}],"line":31}},"s":{"0":20,"1":20,"2":13,"3":36,"4":1,"5":35,"6":12,"7":2,"8":10,"9":10,"10":4,"11":4,"12":3,"13":36,"14":35,"15":35,"16":10,"17":20,"18":20,"19":20},"f":{"0":20,"1":13,"2":36,"3":12,"4":4,"5":36,"6":20},"b":{"0":[20,1],"1":[1,35],"2":[2,10],"3":[3,1]},"_coverageSchema":"43e27e138ebf9cfc5966b082cf9a028302ed4184","hash":"0d11509f5b1773b570dbef57f558abff416dcbc0"}
,"/Users/vivekmunde/Documents/duxact/src/inject-dispatch.js": {"path":"/Users/vivekmunde/Documents/duxact/src/inject-dispatch.js","statementMap":{"0":{"start":{"line":4,"column":23},"end":{"line":18,"column":5}},"1":{"start":{"line":5,"column":4},"end":{"line":18,"column":5}},"2":{"start":{"line":6,"column":8},"end":{"line":8,"column":9}},"3":{"start":{"line":7,"column":12},"end":{"line":7,"column":79}},"4":{"start":{"line":10,"column":8},"end":{"line":17,"column":18}},"5":{"start":{"line":12,"column":16},"end":{"line":14,"column":17}},"6":{"start":{"line":13,"column":20},"end":{"line":13,"column":69}},"7":{"start":{"line":15,"column":16},"end":{"line":15,"column":116}},"8":{"start":{"line":15,"column":62},"end":{"line":15,"column":115}},"9":{"start":{"line":16,"column":16},"end":{"line":16,"column":35}}},"fnMap":{"0":{"name":"(anonymous_0)","decl":{"start":{"line":4,"column":23},"end":{"line":4,"column":24}},"loc":{"start":{"line":5,"column":4},"end":{"line":18,"column":5}},"line":5},"1":{"name":"(anonymous_1)","decl":{"start":{"line":5,"column":4},"end":{"line":5,"column":5}},"loc":{"start":{"line":5,"column":16},"end":{"line":18,"column":5}},"line":5},"2":{"name":"(anonymous_2)","decl":{"start":{"line":11,"column":20},"end":{"line":11,"column":21}},"loc":{"start":{"line":11,"column":56},"end":{"line":17,"column":13}},"line":11},"3":{"name":"(anonymous_3)","decl":{"start":{"line":15,"column":49},"end":{"line":15,"column":50}},"loc":{"start":{"line":15,"column":62},"end":{"line":15,"column":115}},"line":15}},"branchMap":{"0":{"loc":{"start":{"line":6,"column":8},"end":{"line":8,"column":9}},"type":"if","locations":[{"start":{"line":6,"column":8},"end":{"line":8,"column":9}},{"start":{"line":6,"column":8},"end":{"line":8,"column":9}}],"line":6},"1":{"loc":{"start":{"line":12,"column":16},"end":{"line":14,"column":17}},"type":"if","locations":[{"start":{"line":12,"column":16},"end":{"line":14,"column":17}},{"start":{"line":12,"column":16},"end":{"line":14,"column":17}}],"line":12}},"s":{"0":1,"1":3,"2":3,"3":1,"4":2,"5":2,"6":1,"7":1,"8":1,"9":1},"f":{"0":3,"1":3,"2":2,"3":1},"b":{"0":[1,2],"1":[1,1]},"_coverageSchema":"43e27e138ebf9cfc5966b082cf9a028302ed4184","hash":"3b240f2d0ab18d021939fb612ba8f2e899369501"}
,"/Users/vivekmunde/Documents/duxact/src/is-function.js": {"path":"/Users/vivekmunde/Documents/duxact/src/is-function.js","statementMap":{"0":{"start":{"line":2,"column":4},"end":{"line":2,"column":37}}},"fnMap":{"0":{"name":"(anonymous_0)","decl":{"start":{"line":1,"column":15},"end":{"line":1,"column":16}},"loc":{"start":{"line":1,"column":30},"end":{"line":3,"column":1}},"line":1}},"branchMap":{},"s":{"0":69},"f":{"0":69},"b":{},"_coverageSchema":"43e27e138ebf9cfc5966b082cf9a028302ed4184","hash":"4ffb022c9156297a0e65d1f0e12138ef40bd8b22"}
,"/Users/vivekmunde/Documents/duxact/src/is-null.js": {"path":"/Users/vivekmunde/Documents/duxact/src/is-null.js","statementMap":{"0":{"start":{"line":1,"column":25},"end":{"line":1,"column":37}}},"fnMap":{"0":{"name":"(anonymous_0)","decl":{"start":{"line":1,"column":15},"end":{"line":1,"column":16}},"loc":{"start":{"line":1,"column":25},"end":{"line":1,"column":37}},"line":1}},"branchMap":{},"s":{"0":47},"f":{"0":47},"b":{},"_coverageSchema":"43e27e138ebf9cfc5966b082cf9a028302ed4184","hash":"3b5e67d6e497e133f2431cb3f945faa28d65ac20"}
,"/Users/vivekmunde/Documents/duxact/src/is-undefined-or-null.js": {"path":"/Users/vivekmunde/Documents/duxact/src/is-undefined-or-null.js","statementMap":{"0":{"start":{"line":4,"column":24},"end":{"line":4,"column":55}}},"fnMap":{"0":{"name":"(anonymous_0)","decl":{"start":{"line":4,"column":15},"end":{"line":4,"column":16}},"loc":{"start":{"line":4,"column":24},"end":{"line":4,"column":55}},"line":4}},"branchMap":{"0":{"loc":{"start":{"line":4,"column":24},"end":{"line":4,"column":55}},"type":"binary-expr","locations":[{"start":{"line":4,"column":24},"end":{"line":4,"column":40}},{"start":{"line":4,"column":44},"end":{"line":4,"column":55}}],"line":4}},"s":{"0":49},"f":{"0":49},"b":{"0":[49,42]},"_coverageSchema":"43e27e138ebf9cfc5966b082cf9a028302ed4184","hash":"c99b766cd0ef63dda5069b106697a08ab0a3f673"}
,"/Users/vivekmunde/Documents/duxact/src/is-undefined.js": {"path":"/Users/vivekmunde/Documents/duxact/src/is-undefined.js","statementMap":{"0":{"start":{"line":1,"column":25},"end":{"line":1,"column":42}}},"fnMap":{"0":{"name":"(anonymous_0)","decl":{"start":{"line":1,"column":15},"end":{"line":1,"column":16}},"loc":{"start":{"line":1,"column":25},"end":{"line":1,"column":42}},"line":1}},"branchMap":{},"s":{"0":54},"f":{"0":54},"b":{},"_coverageSchema":"43e27e138ebf9cfc5966b082cf9a028302ed4184","hash":"5712547d675aba8ae5c95f92dab4cce47d79ca8f"}
,"/Users/vivekmunde/Documents/duxact/src/is-user-defined-object.js": {"path":"/Users/vivekmunde/Documents/duxact/src/is-user-defined-object.js","statementMap":{"0":{"start":{"line":4,"column":4},"end":{"line":6,"column":35}}},"fnMap":{"0":{"name":"(anonymous_0)","decl":{"start":{"line":3,"column":15},"end":{"line":3,"column":16}},"loc":{"start":{"line":3,"column":30},"end":{"line":7,"column":1}},"line":3}},"branchMap":{"0":{"loc":{"start":{"line":4,"column":11},"end":{"line":6,"column":34}},"type":"binary-expr","locations":[{"start":{"line":4,"column":11},"end":{"line":4,"column":34}},{"start":{"line":5,"column":11},"end":{"line":5,"column":30}},{"start":{"line":6,"column":11},"end":{"line":6,"column":34}}],"line":4}},"s":{"0":11},"f":{"0":11},"b":{"0":[11,8,7]},"_coverageSchema":"43e27e138ebf9cfc5966b082cf9a028302ed4184","hash":"fc524d6012d2605efb5445f3fcff7a6b1c172e6e"}
,"/Users/vivekmunde/Documents/duxact/src/provider.js": {"path":"/Users/vivekmunde/Documents/duxact/src/provider.js","statementMap":{"0":{"start":{"line":7,"column":8},"end":{"line":7,"column":30}},"1":{"start":{"line":9,"column":26},"end":{"line":9,"column":31}},"2":{"start":{"line":11,"column":8},"end":{"line":13,"column":9}},"3":{"start":{"line":12,"column":12},"end":{"line":12,"column":51}},"4":{"start":{"line":15,"column":8},"end":{"line":15,"column":27}},"5":{"start":{"line":19,"column":8},"end":{"line":19,"column":37}},"6":{"start":{"line":23,"column":8},"end":{"line":27,"column":10}},"7":{"start":{"line":31,"column":0},"end":{"line":31,"column":46}}},"fnMap":{"0":{"name":"(anonymous_0)","decl":{"start":{"line":6,"column":4},"end":{"line":6,"column":5}},"loc":{"start":{"line":6,"column":32},"end":{"line":16,"column":5}},"line":6},"1":{"name":"(anonymous_1)","decl":{"start":{"line":18,"column":4},"end":{"line":18,"column":5}},"loc":{"start":{"line":18,"column":22},"end":{"line":20,"column":5}},"line":18},"2":{"name":"(anonymous_2)","decl":{"start":{"line":22,"column":4},"end":{"line":22,"column":5}},"loc":{"start":{"line":22,"column":13},"end":{"line":28,"column":5}},"line":22}},"branchMap":{"0":{"loc":{"start":{"line":11,"column":8},"end":{"line":13,"column":9}},"type":"if","locations":[{"start":{"line":11,"column":8},"end":{"line":13,"column":9}},{"start":{"line":11,"column":8},"end":{"line":13,"column":9}}],"line":11}},"s":{"0":14,"1":14,"2":14,"3":2,"4":12,"5":12,"6":12,"7":4},"f":{"0":14,"1":12,"2":12},"b":{"0":[2,12]},"_coverageSchema":"43e27e138ebf9cfc5966b082cf9a028302ed4184","hash":"2bdcd2cd8260e3516520ecabc9c2c4d21a23e673"}
,"/Users/vivekmunde/Documents/duxact/src/store-context-type.js": {"path":"/Users/vivekmunde/Documents/duxact/src/store-context-type.js","statementMap":{},"fnMap":{},"branchMap":{},"s":{},"f":{},"b":{},"_coverageSchema":"43e27e138ebf9cfc5966b082cf9a028302ed4184","hash":"592bedfedb594a4fe3971157cc25dd07c22fb33c"}
}
