TN:
SF:/Users/vivekmunde/Documents/duxact/src/array-to-map-state-to-props.js
FN:1,(anonymous_0)
FN:2,(anonymous_1)
FN:7,(anonymous_2)
FNF:3
FNH:3
FNDA:2,(anonymous_0)
FNDA:2,(anonymous_1)
FNDA:2,(anonymous_2)
DA:1,1
DA:2,2
DA:3,2
DA:4,1
DA:7,1
DA:8,2
DA:9,2
LF:7
LH:7
BRDA:3,0,0,1
BRDA:3,0,1,1
BRF:2
BRH:2
end_of_record
TN:
SF:/Users/vivekmunde/Documents/duxact/src/connect-dispatch.js
FN:6,(anonymous_0)
FN:6,(anonymous_1)
FN:10,(anonymous_2)
FN:26,(anonymous_3)
FNF:4
FNH:4
FNDA:6,(anonymous_0)
FNDA:6,(anonymous_1)
FNDA:8,(anonymous_2)
FNDA:4,(anonymous_3)
DA:6,6
DA:8,6
DA:11,8
DA:12,8
DA:14,8
DA:15,1
DA:18,7
DA:19,4
DA:22,3
DA:23,3
DA:27,4
DA:36,6
LF:12
LH:12
BRDA:14,0,0,1
BRDA:14,0,1,7
BRDA:18,1,0,4
BRDA:18,1,1,3
BRF:4
BRH:4
end_of_record
TN:
SF:/Users/vivekmunde/Documents/duxact/src/connect-state.js
FN:6,(anonymous_0)
FN:6,(anonymous_1)
FN:10,(anonymous_2)
FN:27,(anonymous_3)
FN:31,(anonymous_4)
FN:35,(anonymous_5)
FN:39,(anonymous_6)
FN:43,(anonymous_7)
FNF:8
FNH:8
FNDA:8,(anonymous_0)
FNDA:8,(anonymous_1)
FNDA:10,(anonymous_2)
FNDA:1,(anonymous_3)
FNDA:5,(anonymous_4)
FNDA:1,(anonymous_5)
FNDA:3,(anonymous_6)
FNDA:7,(anonymous_7)
DA:6,8
DA:8,8
DA:11,10
DA:12,10
DA:14,10
DA:15,1
DA:18,9
DA:19,4
DA:22,5
DA:23,5
DA:24,5
DA:28,1
DA:31,10
DA:32,5
DA:35,10
DA:36,1
DA:39,10
DA:40,3
DA:44,7
DA:53,8
LF:20
LH:20
BRDA:14,0,0,1
BRDA:14,0,1,9
BRDA:18,1,0,4
BRDA:18,1,1,5
BRF:4
BRH:4
end_of_record
TN:
SF:/Users/vivekmunde/Documents/duxact/src/connect.js
FN:5,(anonymous_0)
FN:6,(anonymous_1)
FNF:2
FNH:2
FNDA:3,(anonymous_0)
FNDA:3,(anonymous_1)
DA:5,1
DA:6,3
DA:7,3
DA:8,1
DA:11,2
DA:12,1
DA:15,1
LF:7
LH:7
BRDA:7,0,0,1
BRDA:7,0,1,2
BRDA:11,1,0,1
BRDA:11,1,1,1
BRF:4
BRH:4
end_of_record
TN:
SF:/Users/vivekmunde/Documents/duxact/src/create-store.js
FN:3,createStore
FN:7,getState
FN:11,reducer
FN:22,subscribe
FN:29,unsubscribe
FN:37,dispatch
FN:45,(anonymous_6)
FNF:7
FNH:7
FNDA:20,createStore
FNDA:13,getState
FNDA:36,reducer
FNDA:12,subscribe
FNDA:4,unsubscribe
FNDA:36,dispatch
FNDA:20,(anonymous_6)
DA:4,20
DA:5,20
DA:8,13
DA:12,36
DA:13,1
DA:16,35
DA:23,12
DA:24,2
DA:27,10
DA:29,10
DA:30,4
DA:31,4
DA:32,3
DA:38,36
DA:40,35
DA:41,10
DA:45,20
DA:46,20
DA:49,20
LF:19
LH:19
BRDA:4,0,0,20
BRDA:4,0,1,1
BRDA:12,1,0,1
BRDA:12,1,1,35
BRDA:23,2,0,2
BRDA:23,2,1,10
BRDA:31,3,0,3
BRDA:31,3,1,1
BRF:8
BRH:8
end_of_record
TN:
SF:/Users/vivekmunde/Documents/duxact/src/inject-dispatch.js
FN:4,(anonymous_0)
FN:5,(anonymous_1)
FN:11,(anonymous_2)
FN:15,(anonymous_3)
FNF:4
FNH:4
FNDA:3,(anonymous_0)
FNDA:3,(anonymous_1)
FNDA:2,(anonymous_2)
FNDA:1,(anonymous_3)
DA:4,1
DA:5,3
DA:6,3
DA:7,1
DA:10,2
DA:12,2
DA:13,1
DA:15,1
DA:16,1
LF:9
LH:9
BRDA:6,0,0,1
BRDA:6,0,1,2
BRDA:12,1,0,1
BRDA:12,1,1,1
BRF:4
BRH:4
end_of_record
TN:
SF:/Users/vivekmunde/Documents/duxact/src/is-function.js
FN:1,(anonymous_0)
FNF:1
FNH:1
FNDA:73,(anonymous_0)
DA:2,73
LF:1
LH:1
BRF:0
BRH:0
end_of_record
TN:
SF:/Users/vivekmunde/Documents/duxact/src/is-null.js
FN:1,(anonymous_0)
FNF:1
FNH:1
FNDA:51,(anonymous_0)
DA:1,51
LF:1
LH:1
BRF:0
BRH:0
end_of_record
TN:
SF:/Users/vivekmunde/Documents/duxact/src/is-undefined-or-null.js
FN:4,(anonymous_0)
FNF:1
FNH:1
FNDA:53,(anonymous_0)
DA:4,53
LF:1
LH:1
BRDA:4,0,0,53
BRDA:4,0,1,46
BRF:2
BRH:2
end_of_record
TN:
SF:/Users/vivekmunde/Documents/duxact/src/is-undefined.js
FN:1,(anonymous_0)
FNF:1
FNH:1
FNDA:58,(anonymous_0)
DA:1,58
LF:1
LH:1
BRF:0
BRH:0
end_of_record
TN:
SF:/Users/vivekmunde/Documents/duxact/src/is-user-defined-object.js
FN:3,(anonymous_0)
FNF:1
FNH:1
FNDA:11,(anonymous_0)
DA:4,11
LF:1
LH:1
BRDA:4,0,0,11
BRDA:4,0,1,8
BRDA:4,0,2,7
BRF:3
BRH:3
end_of_record
TN:
SF:/Users/vivekmunde/Documents/duxact/src/provider.js
FN:6,(anonymous_0)
FN:18,(anonymous_1)
FNF:2
FNH:2
FNDA:14,(anonymous_0)
FNDA:12,(anonymous_1)
DA:7,14
DA:9,14
DA:11,14
DA:12,2
DA:15,12
DA:19,12
LF:6
LH:6
BRDA:11,0,0,2
BRDA:11,0,1,12
BRF:2
BRH:2
end_of_record
TN:
SF:/Users/vivekmunde/Documents/duxact/src/store-context.js
FNF:0
FNH:0
LF:0
LH:0
BRF:0
BRH:0
end_of_record
